[      92ms] [WARNING] <meta name="apple-mobile-web-app-capable" content="yes"> is deprecated. Please include <meta name="mobile-web-app-capable" content="yes"> @ https://socialdata.tools/app/billing:0
[   23112ms] [WARNING] <link rel=preload> uses an unsupported `as` value @ https://checkout.stripe.com/c/pay/cs_live_a1ZibRVNmwzj7bC4CuTq4wNr6UOpjMkkbqWV9SP10SJGLTcYD6Ldy1h4eD#fidnandhYHdWcXxpYCc%2FJ2FgY2RwaXEnKSdkdWxOYHwnPyd1blppbHNgWjA0Sk0wRFBDblxPTFd2bjJMUlN0Q2Nodj1xZl8wTks9SmtESE9kcnxrNHVPU1ZtcGhgVjxEd0ZOUmxIPF1AREF0UVxNcVxEc2pTVXxLT1UzYVFwR1V3VXVJNTU1UWtfbjZmfycpJ2N3amhWYHdzYHcnP3F3cGApJ2dkZm5id2pwa2FGamlqdyc%2FJyZjY2NjY2MnKSdpZHxqcHFRfHVgJz8ndmxrYmlgWmxxYGgnKSdga2RnaWBVaWRmYG1qaWFgd3YnP3F3cGB4JSUl:0
[   23112ms] [WARNING] <link rel=preload> uses an unsupported `as` value @ https://checkout.stripe.com/c/pay/cs_live_a1ZibRVNmwzj7bC4CuTq4wNr6UOpjMkkbqWV9SP10SJGLTcYD6Ldy1h4eD#fidnandhYHdWcXxpYCc%2FJ2FgY2RwaXEnKSdkdWxOYHwnPyd1blppbHNgWjA0Sk0wRFBDblxPTFd2bjJMUlN0Q2Nodj1xZl8wTks9SmtESE9kcnxrNHVPU1ZtcGhgVjxEd0ZOUmxIPF1AREF0UVxNcVxEc2pTVXxLT1UzYVFwR1V3VXVJNTU1UWtfbjZmfycpJ2N3amhWYHdzYHcnP3F3cGApJ2dkZm5id2pwa2FGamlqdyc%2FJyZjY2NjY2MnKSdpZHxqcHFRfHVgJz8ndmxrYmlgWmxxYGgnKSdga2RnaWBVaWRmYG1qaWFgd3YnP3F3cGB4JSUl:0
[   25171ms] [ERROR] Framing 'https://client.wra-api.net/' violates the following Content Security Policy directive: "frame-src 'self' https://*.px-cloud.net https://*.px-cdn.net https://crcldu.com". The request has been blocked.
 @ https://client.px-cloud.net/:0
[   25190ms] [WARNING] Failed to execute 'postMessage' on 'DOMWindow': The target origin provided ('https://client.wra-api.net') does not match the recipient window's origin ('null'). @ https://client.px-cloud.net/PXVl48pWoc/main.min.js:2
[   25171ms] [ERROR] Framing 'https://client.wra-api.net/' violates the following Content Security Policy directive: "frame-src 'self' https://*.px-cloud.net https://*.px-cdn.net https://crcldu.com". The request has been blocked.
 @ https://client.px-cloud.net/:0
[   25190ms] [WARNING] Failed to execute 'postMessage' on 'DOMWindow': The target origin provided ('https://client.wra-api.net') does not match the recipient window's origin ('null'). @ https://client.px-cloud.net/PXVl48pWoc/main.min.js:2
[   40719ms] [WARNING] <meta name="apple-mobile-web-app-capable" content="yes"> is deprecated. Please include <meta name="mobile-web-app-capable" content="yes"> @ https://socialdata.tools/app/dashboard?deposit=success:0
[  936778ms] [WARNING] <meta name="apple-mobile-web-app-capable" content="yes"> is deprecated. Please include <meta name="mobile-web-app-capable" content="yes"> @ https://socialdata.tools/app/dashboard?deposit=success:0
[ 1053047ms] [WARNING] <meta name="apple-mobile-web-app-capable" content="yes"> is deprecated. Please include <meta name="mobile-web-app-capable" content="yes"> @ https://socialdata.tools/app/billing:0
[ 1055366ms] [WARNING] <meta name="apple-mobile-web-app-capable" content="yes"> is deprecated. Please include <meta name="mobile-web-app-capable" content="yes"> @ https://socialdata.tools/app/billing:0
[ 1100656ms] [WARNING] <meta name="apple-mobile-web-app-capable" content="yes"> is deprecated. Please include <meta name="mobile-web-app-capable" content="yes"> @ https://socialdata.tools/app/billing:0
[ 1102441ms] [WARNING] WebSocket connection to 'wss://client.relay.crisp.chat/w/5c6/?EIO=4&transport=websocket' failed: WebSocket is closed before the connection is established. @ https://client.crisp.chat/static/javascripts/client_default_508c63f.js:7
[ 1102547ms] [WARNING] <meta name="apple-mobile-web-app-capable" content="yes"> is deprecated. Please include <meta name="mobile-web-app-capable" content="yes"> @ https://socialdata.tools/app/billing:0
[ 1103860ms] [WARNING] WebSocket connection to 'wss://client.relay.crisp.chat/w/5c6/?EIO=4&transport=websocket' failed: WebSocket is closed before the connection is established. @ https://client.crisp.chat/static/javascripts/client_default_508c63f.js:7
[ 1103939ms] [WARNING] <meta name="apple-mobile-web-app-capable" content="yes"> is deprecated. Please include <meta name="mobile-web-app-capable" content="yes"> @ https://socialdata.tools/app/billing:0
[ 1105021ms] [WARNING] WebSocket connection to 'wss://client.relay.crisp.chat/w/5c6/?EIO=4&transport=websocket' failed: WebSocket is closed before the connection is established. @ https://client.crisp.chat/static/javascripts/client_default_508c63f.js:7
[ 1105175ms] [WARNING] <meta name="apple-mobile-web-app-capable" content="yes"> is deprecated. Please include <meta name="mobile-web-app-capable" content="yes"> @ https://socialdata.tools/app/billing:0
[ 1106491ms] [WARNING] WebSocket connection to 'wss://client.relay.crisp.chat/w/5c6/?EIO=4&transport=websocket' failed: WebSocket is closed before the connection is established. @ https://client.crisp.chat/static/javascripts/client_default_508c63f.js:7
[ 1106585ms] [WARNING] <meta name="apple-mobile-web-app-capable" content="yes"> is deprecated. Please include <meta name="mobile-web-app-capable" content="yes"> @ https://socialdata.tools/app/billing:0
[ 1206626ms] [WARNING] <meta name="apple-mobile-web-app-capable" content="yes"> is deprecated. Please include <meta name="mobile-web-app-capable" content="yes"> @ https://socialdata.tools/app/billing:0
[ 1468912ms] [WARNING] <meta name="apple-mobile-web-app-capable" content="yes"> is deprecated. Please include <meta name="mobile-web-app-capable" content="yes"> @ https://socialdata.tools/app/billing:0
