[      81ms] [WARNING] A preload for 'https://static.line-scdn.net/biz-app/edge/entry/pc/index.cbaffc70.js' is found, but is not used because the request credentials mode does not match. Consider taking a look at crossorigin attribute. @ https://entry.line.biz/form/entry/unverified:0
[    4263ms] [WARNING] The resource https://static.line-scdn.net/biz-app/edge/entry/pc/index.cbaffc70.js was preloaded using link preload but not used within a few seconds from the window's load event. Please make sure it has an appropriate `as` value and it is preloaded intentionally. @ https://entry.line.biz/form/entry/unverified:0
[    8216ms] [WARNING] The resource https://static.line-scdn.net/biz-app/edge/entry/pc/index.cbaffc70.js was preloaded using link preload but not used within a few seconds from the window's load event. Please make sure it has an appropriate `as` value and it is preloaded intentionally. @ https://entry.line.biz/form/entry/unverified:0
[   20187ms] [WARNING] The resource https://static.line-scdn.net/biz-app/edge/entry/pc/index.cbaffc70.js was preloaded using link preload but not used within a few seconds from the window's load event. Please make sure it has an appropriate `as` value and it is preloaded intentionally. @ https://entry.line.biz/form/entry/unverified:0
[   64781ms] [ERROR] Failed to load resource: the server responded with a status of 400 () @ https://entry.line.biz/api/entry/unverified/validate:0
[   67791ms] [WARNING] The resource https://static.line-scdn.net/biz-app/edge/entry/pc/index.cbaffc70.js was preloaded using link preload but not used within a few seconds from the window's load event. Please make sure it has an appropriate `as` value and it is preloaded intentionally. @ https://entry.line.biz/form/entry/unverified:0
[   74946ms] [ERROR] TypeError: Cannot read properties of undefined (reading 'map')
    at PT (https://static.line-scdn.net/biz-app/edge/entry/pc/index.cbaffc70.js:40:15304)
    at async ni (https://static.line-scdn.net/biz-app/edge/entry/pc/index.cbaffc70.js:40:21024)
    at async switchMajorCategory (https://static.line-scdn.net/biz-app/edge/entry/pc/index.cbaffc70.js:44:30955) @ https://static.line-scdn.net/biz-app/edge/entry/pc/index.cbaffc70.js:12
[   74946ms] [ERROR] TypeError: Cannot read properties of undefined (reading 'map')
    at PT (https://static.line-scdn.net/biz-app/edge/entry/pc/index.cbaffc70.js:40:15304)
    at async ni (https://static.line-scdn.net/biz-app/edge/entry/pc/index.cbaffc70.js:40:21024)
    at async switchMajorCategory (https://static.line-scdn.net/biz-app/edge/entry/pc/index.cbaffc70.js:44:30955) @ https://static.line-scdn.net/biz-app/edge/entry/pc/index.cbaffc70.js:12
[   77957ms] [WARNING] The resource https://static.line-scdn.net/biz-app/edge/entry/pc/index.cbaffc70.js was preloaded using link preload but not used within a few seconds from the window's load event. Please make sure it has an appropriate `as` value and it is preloaded intentionally. @ https://entry.line.biz/form/entry/unverified:0
[  119019ms] [WARNING] The resource https://static.line-scdn.net/biz-app/edge/entry/pc/index.cbaffc70.js was preloaded using link preload but not used within a few seconds from the window's load event. Please make sure it has an appropriate `as` value and it is preloaded intentionally. @ https://entry.line.biz/form/entry/unverified:0
[  122129ms] [ERROR] Failed to load resource: the server responded with a status of 400 () @ https://entry.line.biz/api/entry/unverified/validate:0
[  125145ms] [WARNING] The resource https://static.line-scdn.net/biz-app/edge/entry/pc/index.cbaffc70.js was preloaded using link preload but not used within a few seconds from the window's load event. Please make sure it has an appropriate `as` value and it is preloaded intentionally. @ https://entry.line.biz/form/entry/unverified:0
[  142891ms] [WARNING] The resource https://static.line-scdn.net/biz-app/edge/entry/pc/index.cbaffc70.js was preloaded using link preload but not used within a few seconds from the window's load event. Please make sure it has an appropriate `as` value and it is preloaded intentionally. @ https://entry.line.biz/form/entry/unverified/confirmation:0
[  155926ms] [WARNING] The resource https://static.line-scdn.net/biz-app/edge/entry/pc/index.cbaffc70.js was preloaded using link preload but not used within a few seconds from the window's load event. Please make sure it has an appropriate `as` value and it is preloaded intentionally. @ https://entry.line.biz/form/entry/unverified/complete:0
