[    3213ms] [ERROR] Failed to load resource: the server responded with a status of 404 () @ https://api.x.com/graphql/_8ClT24oZ8tpylf_OSuNdg/Viewer?variables=%7B%22withCommunitiesMemberships%22%3Atrue%7D&features=%7B%22subscriptions_upsells_api_enabled%22%3Afalse%2C%22profile_label_improvements_pcf_label_in_post_enabled%22%3Atrue%2C%22responsive_web_profile_redirect_enabled%22%3Afalse%2C%22rweb_tipjar_consumption_enabled%22%3Afalse%2C%22verified_phone_label_enabled%22%3Afalse%2C%22creator_subscriptions_tweet_preview_api_enabled%22%3Atrue%2C%22responsive_web_graphql_skip_user_profile_image_extensions_enabled%22%3Afalse%2C%22responsive_web_graphql_timeline_navigation_enabled%22%3Atrue%7D&fieldToggles=%7B%22isDelegate%22%3Afalse%2C%22withAuxiliaryUserLabels%22%3Atrue%7D:0
[    3392ms] [WARNING] [GSI_LOGGER]: google.accounts.id.initialize() is called multiple times. This could cause unexpected behavior and only the last initialized instance will be used. @ https://accounts.google.com/gsi/client:80
[    3417ms] [ERROR] Not signed in with the identity provider. @ https://x.com/:0
[    3418ms] [ERROR] [GSI_LOGGER]: FedCM get() rejects with AbortError: signal is aborted without reason @ https://accounts.google.com/gsi/client:81
[    3418ms] [ERROR] Not signed in with the identity provider. @ https://x.com/:0
[    3418ms] [ERROR] Not signed in with the identity provider. @ https://x.com/:0
[    3419ms] [ERROR] [GSI_LOGGER]: FedCM get() rejects with AbortError: signal is aborted without reason @ https://accounts.google.com/gsi/client:81
[    7091ms] [ERROR] [GSI_LOGGER]: FedCM get() rejects with NetworkError: Error retrieving a token. @ https://accounts.google.com/gsi/client:81
[   12395ms] [ERROR] Failed to load resource: the server responded with a status of 404 () @ https://api.x.com/graphql/_8ClT24oZ8tpylf_OSuNdg/Viewer?variables=%7B%22withCommunitiesMemberships%22%3Atrue%7D&features=%7B%22subscriptions_upsells_api_enabled%22%3Afalse%2C%22profile_label_improvements_pcf_label_in_post_enabled%22%3Atrue%2C%22responsive_web_profile_redirect_enabled%22%3Afalse%2C%22rweb_tipjar_consumption_enabled%22%3Afalse%2C%22verified_phone_label_enabled%22%3Afalse%2C%22creator_subscriptions_tweet_preview_api_enabled%22%3Atrue%2C%22responsive_web_graphql_skip_user_profile_image_extensions_enabled%22%3Afalse%2C%22responsive_web_graphql_timeline_navigation_enabled%22%3Atrue%7D&fieldToggles=%7B%22isDelegate%22%3Afalse%2C%22withAuxiliaryUserLabels%22%3Atrue%7D:0
[   13360ms] [WARNING] [GSI_LOGGER]: google.accounts.id.initialize() is called multiple times. This could cause unexpected behavior and only the last initialized instance will be used. @ https://accounts.google.com/gsi/client:80
[   25774ms] [ERROR] Failed to load resource: the server responded with a status of 400 () @ https://api.x.com/1.1/onboarding/task.json:0
[   25822ms] [WARNING] [GSI_LOGGER]: google.accounts.id.initialize() is called multiple times. This could cause unexpected behavior and only the last initialized instance will be used. @ https://accounts.google.com/gsi/client:80
[   39085ms] [ERROR] Failed to load resource: the server responded with a status of 400 () @ https://api.x.com/1.1/onboarding/task.json:0
[   39138ms] [WARNING] [GSI_LOGGER]: google.accounts.id.initialize() is called multiple times. This could cause unexpected behavior and only the last initialized instance will be used. @ https://accounts.google.com/gsi/client:80
[   49034ms] [ERROR] Failed to load resource: the server responded with a status of 404 () @ https://api.x.com/graphql/_8ClT24oZ8tpylf_OSuNdg/Viewer?variables=%7B%22withCommunitiesMemberships%22%3Atrue%7D&features=%7B%22subscriptions_upsells_api_enabled%22%3Afalse%2C%22profile_label_improvements_pcf_label_in_post_enabled%22%3Atrue%2C%22responsive_web_profile_redirect_enabled%22%3Afalse%2C%22rweb_tipjar_consumption_enabled%22%3Afalse%2C%22verified_phone_label_enabled%22%3Afalse%2C%22creator_subscriptions_tweet_preview_api_enabled%22%3Atrue%2C%22responsive_web_graphql_skip_user_profile_image_extensions_enabled%22%3Afalse%2C%22responsive_web_graphql_timeline_navigation_enabled%22%3Atrue%7D&fieldToggles=%7B%22isDelegate%22%3Afalse%2C%22withAuxiliaryUserLabels%22%3Atrue%7D:0
[   51526ms] [WARNING] [GSI_LOGGER]: google.accounts.id.initialize() is called multiple times. This could cause unexpected behavior and only the last initialized instance will be used. @ https://accounts.google.com/gsi/client:80
[   82095ms] [ERROR] Failed to load resource: the server responded with a status of 400 () @ https://api.x.com/1.1/onboarding/task.json:0
[   82166ms] [WARNING] [GSI_LOGGER]: google.accounts.id.initialize() is called multiple times. This could cause unexpected behavior and only the last initialized instance will be used. @ https://accounts.google.com/gsi/client:80
[  165094ms] [ERROR] Cross-Origin-Opener-Policy policy would block the window.postMessage call. @ https://accounts.google.com/gsi/client:361
[  165094ms] [ERROR] Cross-Origin-Opener-Policy policy would block the window.postMessage call. @ https://accounts.google.com/gsi/client:361
[  250990ms] [ERROR] Failed to load resource: the server responded with a status of 404 () @ https://api.x.com/graphql/_8ClT24oZ8tpylf_OSuNdg/Viewer?variables=%7B%22withCommunitiesMemberships%22%3Atrue%7D&features=%7B%22subscriptions_upsells_api_enabled%22%3Afalse%2C%22profile_label_improvements_pcf_label_in_post_enabled%22%3Atrue%2C%22responsive_web_profile_redirect_enabled%22%3Afalse%2C%22rweb_tipjar_consumption_enabled%22%3Afalse%2C%22verified_phone_label_enabled%22%3Afalse%2C%22creator_subscriptions_tweet_preview_api_enabled%22%3Atrue%2C%22responsive_web_graphql_skip_user_profile_image_extensions_enabled%22%3Afalse%2C%22responsive_web_graphql_timeline_navigation_enabled%22%3Atrue%7D&fieldToggles=%7B%22isDelegate%22%3Afalse%2C%22withAuxiliaryUserLabels%22%3Atrue%7D:0
[  251069ms] [WARNING] [GSI_LOGGER]: google.accounts.id.initialize() is called multiple times. This could cause unexpected behavior and only the last initialized instance will be used. @ https://accounts.google.com/gsi/client:80
[  251079ms] [ERROR] The request has been aborted. @ https://x.com/?logout=1774195566429:0
[  251079ms] [ERROR] [GSI_LOGGER]: FedCM get() rejects with AbortError: signal is aborted without reason @ https://accounts.google.com/gsi/client:81
[  251079ms] [ERROR] The request has been aborted. @ https://x.com/?logout=1774195566429:0
[  251080ms] [ERROR] [GSI_LOGGER]: FedCM get() rejects with AbortError: signal is aborted without reason @ https://accounts.google.com/gsi/client:81
[  254571ms] [ERROR] User declined or dismissed prompt. API exponential cool down triggered. @ https://x.com/?logout=1774195566429:0
[  254572ms] [ERROR] [GSI_LOGGER]: FedCM get() rejects with NetworkError: Error retrieving a token. @ https://accounts.google.com/gsi/client:81
[  258393ms] [ERROR] Failed to load resource: the server responded with a status of 404 () @ https://api.x.com/graphql/_8ClT24oZ8tpylf_OSuNdg/Viewer?variables=%7B%22withCommunitiesMemberships%22%3Atrue%7D&features=%7B%22subscriptions_upsells_api_enabled%22%3Afalse%2C%22profile_label_improvements_pcf_label_in_post_enabled%22%3Atrue%2C%22responsive_web_profile_redirect_enabled%22%3Afalse%2C%22rweb_tipjar_consumption_enabled%22%3Afalse%2C%22verified_phone_label_enabled%22%3Afalse%2C%22creator_subscriptions_tweet_preview_api_enabled%22%3Atrue%2C%22responsive_web_graphql_skip_user_profile_image_extensions_enabled%22%3Afalse%2C%22responsive_web_graphql_timeline_navigation_enabled%22%3Atrue%7D&fieldToggles=%7B%22isDelegate%22%3Afalse%2C%22withAuxiliaryUserLabels%22%3Atrue%7D:0
[  259102ms] [WARNING] [GSI_LOGGER]: google.accounts.id.initialize() is called multiple times. This could cause unexpected behavior and only the last initialized instance will be used. @ https://accounts.google.com/gsi/client:80
[  282366ms] [ERROR] Failed to load resource: the server responded with a status of 400 () @ https://api.x.com/1.1/onboarding/task.json:0
[  282411ms] [WARNING] [GSI_LOGGER]: google.accounts.id.initialize() is called multiple times. This could cause unexpected behavior and only the last initialized instance will be used. @ https://accounts.google.com/gsi/client:80
[  299403ms] [ERROR] Failed to load resource: the server responded with a status of 400 () @ https://api.x.com/1.1/onboarding/task.json:0
[  299448ms] [WARNING] [GSI_LOGGER]: google.accounts.id.initialize() is called multiple times. This could cause unexpected behavior and only the last initialized instance will be used. @ https://accounts.google.com/gsi/client:80
[  338234ms] [ERROR] Cross-Origin-Opener-Policy policy would block the window.postMessage call. @ https://accounts.google.com/gsi/client:361
[  338234ms] [ERROR] Cross-Origin-Opener-Policy policy would block the window.postMessage call. @ https://accounts.google.com/gsi/client:361
[  376446ms] [ERROR] Failed to load resource: the server responded with a status of 400 () @ https://api.x.com/1.1/onboarding/task.json:0
[  376512ms] [WARNING] [GSI_LOGGER]: google.accounts.id.initialize() is called multiple times. This could cause unexpected behavior and only the last initialized instance will be used. @ https://accounts.google.com/gsi/client:80
[  394938ms] [ERROR] Failed to load resource: the server responded with a status of 400 () @ https://api.x.com/1.1/onboarding/task.json:0
[  435604ms] [ERROR] Failed to load resource: the server responded with a status of 403 () @ https://api.x.com/1.1/account/personalization/p13n_data.json:0
[  453423ms] [ERROR] Failed to load resource: the server responded with a status of 400 () @ https://api.x.com/1.1/account/deactivate.json:0
[  467145ms] [ERROR] Failed to load resource: the server responded with a status of 400 () @ https://api.x.com/1.1/account/deactivate.json:0
[  582250ms] [ERROR] Failed to load resource: the server responded with a status of 403 () @ https://api.x.com/1.1/account/personalization/p13n_data.json:0
[  591672ms] [ERROR] Failed to load resource: the server responded with a status of 400 () @ https://api.x.com/1.1/account/verify_password.json:0
[  687533ms] [ERROR] Failed to load resource: the server responded with a status of 401 () @ https://x.com/i/api/1.1/graphql/user_flow.json:0
[  696842ms] [ERROR] Failed to load resource: the server responded with a status of 401 () @ https://api.x.com/1.1/onboarding/task.json:0
[  696847ms] [ERROR] Failed to load resource: the server responded with a status of 401 () @ https://x.com/i/api/1.1/graphql/user_flow.json:0
[  699095ms] [ERROR] Failed to load resource: the server responded with a status of 401 () @ https://api.x.com/1.1/onboarding/task.json:0
[  699916ms] [ERROR] Failed to load resource: the server responded with a status of 401 () @ https://x.com/i/api/1.1/graphql/user_flow.json:0
[  707629ms] [ERROR] Failed to load resource: the server responded with a status of 401 () @ https://x.com/i/api/graphql/8DJ2_AR5lFiA1BeiPoSzPw/useSubscriptionProductDetailsQuery?variables=%7B%22stripeId%22%3A%22V2ViU3Vic2NyaXB0aW9uUHJvZHVjdERldGFpbHM6cHJvZF9PY3g3RkJHVGlWemYwUA%3D%3D%22%2C%22for_moment%22%3Anull%2C%22fetchPricesFromStripe%22%3Afalse%7D&features=%7B%22subscriptions_marketing_page_fetch_promotions%22%3Atrue%7D:0
[  707705ms] [ERROR] Failed to load resource: the server responded with a status of 401 () @ https://x.com/i/api/fleets/v1/fleetline?only_spaces=true:0
[  707706ms] [ERROR] Failed to load resource: the server responded with a status of 401 () @ https://x.com/i/api/graphql/I3V_Tt32aTZdw7cBdKUJbg/useStoryTopicQuery?variables=%7B%22rest_id%22%3A%22For%20You%22%2C%22limit%22%3A3%7D:0
[  707813ms] [ERROR] Failed to load resource: the server responded with a status of 401 () @ https://x.com/i/api/graphql/PFIxTk8owMoZgiMccP0r4g/getAltTextPromptPreference?variables=%7B%7D:0
[  707817ms] o: ApiError: https://x.com/i/api/graphql/PFIxTk8owMoZgiMccP0r4g/getAltTextPromptPreference HTTP-401 codes:[32]
    at u (https://abs.twimg.com/responsive-web/client-web/main.64b6b5da.js:1:247342)
    at https://abs.twimg.com/responsive-web/client-web/main.64b6b5da.js:1:248290
    at https://abs.twimg.com/responsive-web/client-web/main.64b6b5da.js:1:248300
[  707816ms] [ERROR] Failed to load resource: the server responded with a status of 401 () @ https://x.com/i/api/1.1/graphql/user_flow.json:0
[  707816ms] [ERROR] Failed to load resource: the server responded with a status of 401 () @ https://x.com/i/api/graphql/Sujwk2Vj-pg3T8DvLKgWdw/SidebarUserRecommendations?variables=%7B%22profileUserId%22%3A%222035749516587290624%22%7D&features=%7B%22profile_label_improvements_pcf_label_in_post_enabled%22%3Atrue%2C%22responsive_web_profile_redirect_enabled%22%3Afalse%2C%22rweb_tipjar_consumption_enabled%22%3Afalse%2C%22verified_phone_label_enabled%22%3Afalse%2C%22responsive_web_graphql_skip_user_profile_image_extensions_enabled%22%3Afalse%2C%22responsive_web_graphql_timeline_navigation_enabled%22%3Atrue%7D:0
[  707818ms] [ERROR] Failed to load resource: the server responded with a status of 401 () @ https://x.com/i/api/graphql/U3t27PzyhYJkkyOOddrTEg/PinnedTimelines?variables=%7B%7D&features=%7B%22profile_label_improvements_pcf_label_in_post_enabled%22%3Atrue%2C%22responsive_web_profile_redirect_enabled%22%3Afalse%2C%22rweb_tipjar_consumption_enabled%22%3Afalse%2C%22verified_phone_label_enabled%22%3Afalse%2C%22responsive_web_graphql_skip_user_profile_image_extensions_enabled%22%3Afalse%2C%22responsive_web_graphql_timeline_navigation_enabled%22%3Atrue%7D:0
[  707819ms] [ERROR] Failed to load resource: the server responded with a status of 401 () @ https://api.x.com/live_pipeline/events?topic=%2Flive_content%2F2035749516587290624:0
[  707820ms] [ERROR] Failed to load resource: the server responded with a status of 401 () @ https://x.com/i/api/graphql/pb8he8eISwQOfD8f06WFCQ/ExploreSidebar?variables=%7B%7D&features=%7B%22rweb_video_screen_enabled%22%3Afalse%2C%22profile_label_improvements_pcf_label_in_post_enabled%22%3Atrue%2C%22responsive_web_profile_redirect_enabled%22%3Afalse%2C%22rweb_tipjar_consumption_enabled%22%3Afalse%2C%22verified_phone_label_enabled%22%3Afalse%2C%22creator_subscriptions_tweet_preview_api_enabled%22%3Atrue%2C%22responsive_web_graphql_timeline_navigation_enabled%22%3Atrue%2C%22responsive_web_graphql_skip_user_profile_image_extensions_enabled%22%3Afalse%2C%22premium_content_api_read_enabled%22%3Afalse%2C%22communities_web_enable_tweet_community_results_fetch%22%3Atrue%2C%22c9s_tweet_anatomy_moderator_badge_enabled%22%3Atrue%2C%22responsive_web_grok_analyze_button_fetch_trends_enabled%22%3Afalse%2C%22responsive_web_grok_analyze_post_followups_enabled%22%3Atrue%2C%22responsive_web_jetfuel_frame%22%3Atrue%2C%22responsive_web_grok_share_attachment_enabled%22%3Atrue%2C%22responsive_web_grok_annotations_enabled%22%3Atrue%2C%22articles_preview_enabled%22%3Atrue%2C%22responsive_web_edit_tweet_api_enabled%22%3Atrue%2C%22graphql_is_translatable_rweb_tweet_is_translatable_enabled%22%3Atrue%2C%22view_counts_everywhere_api_enabled%22%3Atrue%2C%22longform_notetweets_consumption_enabled%22%3Atrue%2C%22responsive_web_twitter_article_tweet_consumption_enabled%22%3Atrue%2C%22tweet_awards_web_tipping_enabled%22%3Afalse%2C%22content_disclosure_indicator_enabled%22%3Atrue%2C%22content_disclosure_ai_generated_indicator_enabled%22%3Atrue%2C%22responsive_web_grok_show_grok_translated_post%22%3Afalse%2C%22responsive_web_grok_analysis_button_from_backend%22%3Atrue%2C%22post_ctas_fetch_enabled%22%3Atrue%2C%22freedom_of_speech_not_reach_fetch_enabled%22%3Atrue%2C%22standardized_nudges_misinfo%22%3Atrue%2C%22tweet_with_visibility_results_prefer_gql_limited_actions_policy_enabled%22%3Atrue%2C%22longform_notetweets_rich_text_read_enabled%22%3Atrue%2C%22longform_notetweets_inline_media_enabled%22%3Afalse%2C%22responsive_web_grok_image_annotation_enabled%22%3Atrue%2C%22responsive_web_grok_imagine_annotation_enabled%22%3Atrue%2C%22responsive_web_grok_community_note_auto_translation_is_enabled%22%3Afalse%2C%22responsive_web_enhance_cards_enabled%22%3Afalse%7D:0
[  707826ms] o: ApiError: https://x.com/i/api/graphql/U3t27PzyhYJkkyOOddrTEg/PinnedTimelines HTTP-401 codes:[32]
    at u (https://abs.twimg.com/responsive-web/client-web/main.64b6b5da.js:1:247342)
    at https://abs.twimg.com/responsive-web/client-web/main.64b6b5da.js:1:248290
    at https://abs.twimg.com/responsive-web/client-web/main.64b6b5da.js:1:248300
[  707826ms] [ERROR] Failed to load resource: the server responded with a status of 401 () @ https://x.com/i/api/graphql/L8Lb9oomccM012S7fQ-QKA/HomeTimeline?variables=%7B%22count%22%3A20%2C%22includePromotedContent%22%3Atrue%2C%22requestContext%22%3A%22launch%22%2C%22withCommunity%22%3Atrue%7D&features=%7B%22rweb_video_screen_enabled%22%3Afalse%2C%22profile_label_improvements_pcf_label_in_post_enabled%22%3Atrue%2C%22responsive_web_profile_redirect_enabled%22%3Afalse%2C%22rweb_tipjar_consumption_enabled%22%3Afalse%2C%22verified_phone_label_enabled%22%3Afalse%2C%22creator_subscriptions_tweet_preview_api_enabled%22%3Atrue%2C%22responsive_web_graphql_timeline_navigation_enabled%22%3Atrue%2C%22responsive_web_graphql_skip_user_profile_image_extensions_enabled%22%3Afalse%2C%22premium_content_api_read_enabled%22%3Afalse%2C%22communities_web_enable_tweet_community_results_fetch%22%3Atrue%2C%22c9s_tweet_anatomy_moderator_badge_enabled%22%3Atrue%2C%22responsive_web_grok_analyze_button_fetch_trends_enabled%22%3Afalse%2C%22responsive_web_grok_analyze_post_followups_enabled%22%3Atrue%2C%22responsive_web_jetfuel_frame%22%3Atrue%2C%22responsive_web_grok_share_attachment_enabled%22%3Atrue%2C%22responsive_web_grok_annotations_enabled%22%3Atrue%2C%22articles_preview_enabled%22%3Atrue%2C%22responsive_web_edit_tweet_api_enabled%22%3Atrue%2C%22graphql_is_translatable_rweb_tweet_is_translatable_enabled%22%3Atrue%2C%22view_counts_everywhere_api_enabled%22%3Atrue%2C%22longform_notetweets_consumption_enabled%22%3Atrue%2C%22responsive_web_twitter_article_tweet_consumption_enabled%22%3Atrue%2C%22tweet_awards_web_tipping_enabled%22%3Afalse%2C%22content_disclosure_indicator_enabled%22%3Atrue%2C%22content_disclosure_ai_generated_indicator_enabled%22%3Atrue%2C%22responsive_web_grok_show_grok_translated_post%22%3Afalse%2C%22responsive_web_grok_analysis_button_from_backend%22%3Atrue%2C%22post_ctas_fetch_enabled%22%3Atrue%2C%22freedom_of_speech_not_reach_fetch_enabled%22%3Atrue%2C%22standardized_nudges_misinfo%22%3Atrue%2C%22tweet_with_visibility_results_prefer_gql_limited_actions_policy_enabled%22%3Atrue%2C%22longform_notetweets_rich_text_read_enabled%22%3Atrue%2C%22longform_notetweets_inline_media_enabled%22%3Afalse%2C%22responsive_web_grok_image_annotation_enabled%22%3Atrue%2C%22responsive_web_grok_imagine_annotation_enabled%22%3Atrue%2C%22responsive_web_grok_community_note_auto_translation_is_enabled%22%3Afalse%2C%22responsive_web_enhance_cards_enabled%22%3Afalse%7D:0
[  710871ms] [ERROR] Failed to load resource: the server responded with a status of 401 () @ https://x.com/i/api/1.1/graphql/user_flow.json:0
[  714153ms] [ERROR] Failed to load resource: the server responded with a status of 401 () @ https://x.com/i/api/1.1/graphql/user_flow.json:0
[  714153ms] [ERROR] Failed to load resource: the server responded with a status of 401 () @ https://x.com/i/api/graphql/mzoqrVGwk-YTSGME1dRfXQ/ProfileSpotlightsQuery?variables=%7B%22screen_name%22%3A%22gai6Yh8j7076016%22%7D:0
[  714355ms] [ERROR] Failed to load resource: the server responded with a status of 401 () @ https://x.com/i/api/graphql/IGgvgiOx4QZndDHuD3x9TQ/UserByScreenName?variables=%7B%22screen_name%22%3A%22gai6yh8j7076016%22%2C%22withGrokTranslatedBio%22%3Afalse%7D&features=%7B%22hidden_profile_subscriptions_enabled%22%3Atrue%2C%22profile_label_improvements_pcf_label_in_post_enabled%22%3Atrue%2C%22responsive_web_profile_redirect_enabled%22%3Afalse%2C%22rweb_tipjar_consumption_enabled%22%3Afalse%2C%22verified_phone_label_enabled%22%3Afalse%2C%22subscriptions_verification_info_is_identity_verified_enabled%22%3Atrue%2C%22subscriptions_verification_info_verified_since_enabled%22%3Atrue%2C%22highlights_tweets_tab_ui_enabled%22%3Atrue%2C%22responsive_web_twitter_article_notes_tab_enabled%22%3Atrue%2C%22subscriptions_feature_can_gift_premium%22%3Atrue%2C%22creator_subscriptions_tweet_preview_api_enabled%22%3Atrue%2C%22responsive_web_graphql_skip_user_profile_image_extensions_enabled%22%3Afalse%2C%22responsive_web_graphql_timeline_navigation_enabled%22%3Atrue%7D&fieldToggles=%7B%22withPayments%22%3Afalse%2C%22withAuxiliaryUserLabels%22%3Atrue%7D:0
[  714363ms] [ERROR] Failed to load resource: the server responded with a status of 401 () @ https://x.com/i/api/fleets/v1/avatar_content?user_ids=2035749516587290624&only_spaces=true:0
[  714364ms] [ERROR] Failed to load resource: the server responded with a status of 401 () @ https://x.com/i/api/graphql/BuWF9hiwmUyFdGo3J4DqbA/isEligibleForVoButtonUpsellQuery?variables=%7B%22screenName%22%3A%22gai6Yh8j7076016%22%2C%22promptPurpose%22%3A%22x_vo_business_promotion%22%7D:0
[  714365ms] [ERROR] Failed to load resource: the server responded with a status of 401 () @ https://x.com/i/api/graphql/pb8he8eISwQOfD8f06WFCQ/ExploreSidebar?variables=%7B%7D&features=%7B%22rweb_video_screen_enabled%22%3Afalse%2C%22profile_label_improvements_pcf_label_in_post_enabled%22%3Atrue%2C%22responsive_web_profile_redirect_enabled%22%3Afalse%2C%22rweb_tipjar_consumption_enabled%22%3Afalse%2C%22verified_phone_label_enabled%22%3Afalse%2C%22creator_subscriptions_tweet_preview_api_enabled%22%3Atrue%2C%22responsive_web_graphql_timeline_navigation_enabled%22%3Atrue%2C%22responsive_web_graphql_skip_user_profile_image_extensions_enabled%22%3Afalse%2C%22premium_content_api_read_enabled%22%3Afalse%2C%22communities_web_enable_tweet_community_results_fetch%22%3Atrue%2C%22c9s_tweet_anatomy_moderator_badge_enabled%22%3Atrue%2C%22responsive_web_grok_analyze_button_fetch_trends_enabled%22%3Afalse%2C%22responsive_web_grok_analyze_post_followups_enabled%22%3Atrue%2C%22responsive_web_jetfuel_frame%22%3Atrue%2C%22responsive_web_grok_share_attachment_enabled%22%3Atrue%2C%22responsive_web_grok_annotations_enabled%22%3Atrue%2C%22articles_preview_enabled%22%3Atrue%2C%22responsive_web_edit_tweet_api_enabled%22%3Atrue%2C%22graphql_is_translatable_rweb_tweet_is_translatable_enabled%22%3Atrue%2C%22view_counts_everywhere_api_enabled%22%3Atrue%2C%22longform_notetweets_consumption_enabled%22%3Atrue%2C%22responsive_web_twitter_article_tweet_consumption_enabled%22%3Atrue%2C%22tweet_awards_web_tipping_enabled%22%3Afalse%2C%22content_disclosure_indicator_enabled%22%3Atrue%2C%22content_disclosure_ai_generated_indicator_enabled%22%3Atrue%2C%22responsive_web_grok_show_grok_translated_post%22%3Afalse%2C%22responsive_web_grok_analysis_button_from_backend%22%3Atrue%2C%22post_ctas_fetch_enabled%22%3Atrue%2C%22freedom_of_speech_not_reach_fetch_enabled%22%3Atrue%2C%22standardized_nudges_misinfo%22%3Atrue%2C%22tweet_with_visibility_results_prefer_gql_limited_actions_policy_enabled%22%3Atrue%2C%22longform_notetweets_rich_text_read_enabled%22%3Atrue%2C%22longform_notetweets_inline_media_enabled%22%3Afalse%2C%22responsive_web_grok_image_annotation_enabled%22%3Atrue%2C%22responsive_web_grok_imagine_annotation_enabled%22%3Atrue%2C%22responsive_web_grok_community_note_auto_translation_is_enabled%22%3Afalse%2C%22responsive_web_enhance_cards_enabled%22%3Afalse%7D:0
[  714367ms] [ERROR] Failed to load resource: the server responded with a status of 401 () @ https://x.com/i/api/graphql/Sujwk2Vj-pg3T8DvLKgWdw/SidebarUserRecommendations?variables=%7B%22profileUserId%22%3A%222035749516587290624%22%7D&features=%7B%22profile_label_improvements_pcf_label_in_post_enabled%22%3Atrue%2C%22responsive_web_profile_redirect_enabled%22%3Afalse%2C%22rweb_tipjar_consumption_enabled%22%3Afalse%2C%22verified_phone_label_enabled%22%3Afalse%2C%22responsive_web_graphql_skip_user_profile_image_extensions_enabled%22%3Afalse%2C%22responsive_web_graphql_timeline_navigation_enabled%22%3Atrue%7D:0
[  714369ms] [ERROR] Failed to load resource: the server responded with a status of 401 () @ https://x.com/i/api/graphql/O0epvwaQPUx-bT9YlqlL6w/UserTweets?variables=%7B%22userId%22%3A%222035749516587290624%22%2C%22count%22%3A20%2C%22includePromotedContent%22%3Atrue%2C%22withQuickPromoteEligibilityTweetFields%22%3Atrue%2C%22withVoice%22%3Atrue%7D&features=%7B%22rweb_video_screen_enabled%22%3Afalse%2C%22profile_label_improvements_pcf_label_in_post_enabled%22%3Atrue%2C%22responsive_web_profile_redirect_enabled%22%3Afalse%2C%22rweb_tipjar_consumption_enabled%22%3Afalse%2C%22verified_phone_label_enabled%22%3Afalse%2C%22creator_subscriptions_tweet_preview_api_enabled%22%3Atrue%2C%22responsive_web_graphql_timeline_navigation_enabled%22%3Atrue%2C%22responsive_web_graphql_skip_user_profile_image_extensions_enabled%22%3Afalse%2C%22premium_content_api_read_enabled%22%3Afalse%2C%22communities_web_enable_tweet_community_results_fetch%22%3Atrue%2C%22c9s_tweet_anatomy_moderator_badge_enabled%22%3Atrue%2C%22responsive_web_grok_analyze_button_fetch_trends_enabled%22%3Afalse%2C%22responsive_web_grok_analyze_post_followups_enabled%22%3Atrue%2C%22responsive_web_jetfuel_frame%22%3Atrue%2C%22responsive_web_grok_share_attachment_enabled%22%3Atrue%2C%22responsive_web_grok_annotations_enabled%22%3Atrue%2C%22articles_preview_enabled%22%3Atrue%2C%22responsive_web_edit_tweet_api_enabled%22%3Atrue%2C%22graphql_is_translatable_rweb_tweet_is_translatable_enabled%22%3Atrue%2C%22view_counts_everywhere_api_enabled%22%3Atrue%2C%22longform_notetweets_consumption_enabled%22%3Atrue%2C%22responsive_web_twitter_article_tweet_consumption_enabled%22%3Atrue%2C%22tweet_awards_web_tipping_enabled%22%3Afalse%2C%22content_disclosure_indicator_enabled%22%3Atrue%2C%22content_disclosure_ai_generated_indicator_enabled%22%3Atrue%2C%22responsive_web_grok_show_grok_translated_post%22%3Afalse%2C%22responsive_web_grok_analysis_button_from_backend%22%3Atrue%2C%22post_ctas_fetch_enabled%22%3Atrue%2C%22freedom_of_speech_not_reach_fetch_enabled%22%3Atrue%2C%22standardized_nudges_misinfo%22%3Atrue%2C%22tweet_with_visibility_results_prefer_gql_limited_actions_policy_enabled%22%3Atrue%2C%22longform_notetweets_rich_text_read_enabled%22%3Atrue%2C%22longform_notetweets_inline_media_enabled%22%3Afalse%2C%22responsive_web_grok_image_annotation_enabled%22%3Atrue%2C%22responsive_web_grok_imagine_annotation_enabled%22%3Atrue%2C%22responsive_web_grok_community_note_auto_translation_is_enabled%22%3Afalse%2C%22responsive_web_enhance_cards_enabled%22%3Afalse%7D&fieldToggles=%7B%22withArticlePlainText%22%3Afalse%7D:0
[  714867ms] [ERROR] Failed to load resource: the server responded with a status of 401 () @ https://x.com/i/api/1.1/graphql/user_flow.json:0
[  715174ms] [ERROR] Failed to load resource: the server responded with a status of 401 () @ https://x.com/i/api/2/badge_count/badge_count.json?supports_ntab_urt=1&include_xchat_count=1:0
[  715176ms] o: ApiError: https://x.com/i/api/2/badge_count/badge_count.json HTTP-401 codes:[32]
    at u (https://abs.twimg.com/responsive-web/client-web/main.64b6b5da.js:1:247342)
    at https://abs.twimg.com/responsive-web/client-web/main.64b6b5da.js:1:248290
    at https://abs.twimg.com/responsive-web/client-web/main.64b6b5da.js:1:248300
[  717067ms] [ERROR] Failed to load resource: the server responded with a status of 401 () @ https://x.com/i/api/1.1/graphql/user_flow.json:0
[  721421ms] [ERROR] Failed to load resource: the server responded with a status of 401 () @ https://api.x.com/live_pipeline/events?topic=%2Favcall%2Fcreate%2F2035749516587290624,%2Favcall%2Fclear%2F2035749516587290624:0
[  721829ms] [ERROR] Failed to load resource: the server responded with a status of 401 () @ https://x.com/i/api/1.1/graphql/user_flow.json:0
[  722854ms] [ERROR] Failed to load resource: the server responded with a status of 401 () @ https://api.x.com/live_pipeline/events?topic=%2Favcall%2Fcreate%2F2035749516587290624,%2Favcall%2Fclear%2F2035749516587290624:0
[  725312ms] [ERROR] Failed to load resource: the server responded with a status of 401 () @ https://api.x.com/live_pipeline/events?topic=%2Favcall%2Fcreate%2F2035749516587290624,%2Favcall%2Fclear%2F2035749516587290624:0
[  734529ms] [ERROR] Failed to load resource: the server responded with a status of 401 () @ https://api.x.com/live_pipeline/events?topic=%2Favcall%2Fcreate%2F2035749516587290624,%2Favcall%2Fclear%2F2035749516587290624:0
[  740878ms] [ERROR] Failed to load resource: the server responded with a status of 401 () @ https://x.com/i/api/1.1/graphql/user_flow.json:0
[  744655ms] [ERROR] Failed to load resource: the server responded with a status of 401 () @ https://x.com/i/api/1.1/graphql/user_flow.json:0
[  745179ms] [ERROR] Failed to load resource: the server responded with a status of 401 () @ https://x.com/i/api/2/badge_count/badge_count.json?supports_ntab_urt=1&include_xchat_count=1:0
[  745182ms] o: ApiError: https://x.com/i/api/2/badge_count/badge_count.json HTTP-401 codes:[32]
    at u (https://abs.twimg.com/responsive-web/client-web/main.64b6b5da.js:1:247342)
    at https://abs.twimg.com/responsive-web/client-web/main.64b6b5da.js:1:248290
    at https://abs.twimg.com/responsive-web/client-web/main.64b6b5da.js:1:248300
[  745384ms] [ERROR] Failed to load resource: the server responded with a status of 401 () @ https://x.com/i/api/1.1/graphql/user_flow.json:0
[  747739ms] [ERROR] Failed to load resource: the server responded with a status of 401 () @ https://x.com/i/api/graphql/0d3YLrCrAvgiPrMFGc33SA/useRelayDelegateDataPendingQuery?variables=%7B%7D:0
[  747740ms] [ERROR] Failed to load resource: the server responded with a status of 401 () @ https://x.com/i/api/graphql/iWqvCFQkkYoobdIjmXPKoA/DelegatedAccountListQuery?variables=%7B%7D:0
[  747742ms] o: ApiError: https://x.com/i/api/graphql/0d3YLrCrAvgiPrMFGc33SA/useRelayDelegateDataPendingQuery HTTP-401 codes:[32]
    at u (https://abs.twimg.com/responsive-web/client-web/main.64b6b5da.js:1:247342)
    at https://abs.twimg.com/responsive-web/client-web/main.64b6b5da.js:1:248290
    at https://abs.twimg.com/responsive-web/client-web/main.64b6b5da.js:1:248300
[  748046ms] [ERROR] Failed to load resource: the server responded with a status of 401 () @ https://x.com/i/api/graphql/0d3YLrCrAvgiPrMFGc33SA/useRelayDelegateDataPendingQuery?variables=%7B%7D:0
[  748049ms] o: ApiError: https://x.com/i/api/graphql/0d3YLrCrAvgiPrMFGc33SA/useRelayDelegateDataPendingQuery HTTP-401 codes:[32]
    at u (https://abs.twimg.com/responsive-web/client-web/main.64b6b5da.js:1:247342)
    at https://abs.twimg.com/responsive-web/client-web/main.64b6b5da.js:1:248290
    at https://abs.twimg.com/responsive-web/client-web/main.64b6b5da.js:1:248300
[  748360ms] [ERROR] Failed to load resource: the server responded with a status of 401 () @ https://x.com/i/api/1.1/graphql/user_flow.json:0
[  748763ms] [ERROR] Failed to load resource: the server responded with a status of 401 () @ https://x.com/i/api/graphql/0d3YLrCrAvgiPrMFGc33SA/useRelayDelegateDataPendingQuery?variables=%7B%7D:0
[  748765ms] o: ApiError: https://x.com/i/api/graphql/0d3YLrCrAvgiPrMFGc33SA/useRelayDelegateDataPendingQuery HTTP-401 codes:[32]
    at u (https://abs.twimg.com/responsive-web/client-web/main.64b6b5da.js:1:247342)
    at https://abs.twimg.com/responsive-web/client-web/main.64b6b5da.js:1:248290
    at https://abs.twimg.com/responsive-web/client-web/main.64b6b5da.js:1:248300
[  751937ms] [ERROR] Failed to load resource: the server responded with a status of 401 () @ https://x.com/i/api/1.1/graphql/user_flow.json:0
[  754691ms] [ERROR] Failed to load resource: the server responded with a status of 401 () @ https://api.x.com/live_pipeline/events?topic=%2Favcall%2Fcreate%2F2035749516587290624,%2Favcall%2Fclear%2F2035749516587290624:0
[  759618ms] [ERROR] Failed to load resource: the server responded with a status of 401 () @ https://x.com/i/api/1.1/graphql/user_flow.json:0
[  762692ms] [ERROR] Failed to load resource: the server responded with a status of 401 () @ https://x.com/i/api/1.1/graphql/user_flow.json:0
[  770474ms] [ERROR] Failed to load resource: the server responded with a status of 401 () @ https://api.x.com/1.1/account/deactivate.json:0
[  774649ms] [ERROR] Failed to load resource: the server responded with a status of 401 () @ https://x.com/i/api/1.1/graphql/user_flow.json:0
[  775137ms] [ERROR] Failed to load resource: the server responded with a status of 401 () @ https://x.com/i/api/2/badge_count/badge_count.json?supports_ntab_urt=1&include_xchat_count=1:0
[  775140ms] o: ApiError: https://x.com/i/api/2/badge_count/badge_count.json HTTP-401 codes:[32]
    at u (https://abs.twimg.com/responsive-web/client-web/main.64b6b5da.js:1:247342)
    at https://abs.twimg.com/responsive-web/client-web/main.64b6b5da.js:1:248290
    at https://abs.twimg.com/responsive-web/client-web/main.64b6b5da.js:1:248300
[  775286ms] [ERROR] Failed to load resource: the server responded with a status of 401 () @ https://x.com/i/api/1.1/graphql/user_flow.json:0
[  780512ms] [ERROR] Failed to load resource: the server responded with a status of 401 () @ https://x.com/i/api/1.1/graphql/user_flow.json:0
[  792459ms] [ERROR] Failed to load resource: the server responded with a status of 401 () @ https://x.com/i/api/1.1/graphql/user_flow.json:0
[  795465ms] [ERROR] Failed to load resource: the server responded with a status of 401 () @ https://x.com/i/api/1.1/graphql/user_flow.json:0
[  798603ms] [ERROR] Failed to load resource: the server responded with a status of 401 () @ https://x.com/i/api/1.1/graphql/user_flow.json:0
[  798737ms] [ERROR] Failed to load resource: the server responded with a status of 401 () @ https://api.x.com/live_pipeline/events?topic=%2Favcall%2Fcreate%2F2035749516587290624,%2Favcall%2Fclear%2F2035749516587290624:0
[  804266ms] [ERROR] Failed to load resource: the server responded with a status of 401 () @ https://x.com/i/api/1.1/graphql/user_flow.json:0
[  804680ms] [ERROR] Failed to load resource: the server responded with a status of 401 () @ https://x.com/i/api/1.1/graphql/user_flow.json:0
[  805188ms] [ERROR] Failed to load resource: the server responded with a status of 401 () @ https://x.com/i/api/2/badge_count/badge_count.json?supports_ntab_urt=1&include_xchat_count=1:0
[  805191ms] o: ApiError: https://x.com/i/api/2/badge_count/badge_count.json HTTP-401 codes:[32]
    at u (https://abs.twimg.com/responsive-web/client-web/main.64b6b5da.js:1:247342)
    at https://abs.twimg.com/responsive-web/client-web/main.64b6b5da.js:1:248290
    at https://abs.twimg.com/responsive-web/client-web/main.64b6b5da.js:1:248300
[  807236ms] [ERROR] Failed to load resource: the server responded with a status of 401 () @ https://x.com/i/api/1.1/graphql/user_flow.json:0
[  821204ms] [ERROR] Failed to load resource: the server responded with a status of 401 () @ https://x.com/i/api/graphql/PFIxTk8owMoZgiMccP0r4g/getAltTextPromptPreference?variables=%7B%7D:0
[  821205ms] [ERROR] Failed to load resource: the server responded with a status of 401 () @ https://x.com/i/api/1.1/graphql/user_flow.json:0
[  821206ms] [ERROR] Failed to load resource: the server responded with a status of 401 () @ https://x.com/i/api/graphql/L8Lb9oomccM012S7fQ-QKA/HomeTimeline?variables=%7B%22count%22%3A20%2C%22includePromotedContent%22%3Atrue%2C%22requestContext%22%3A%22launch%22%2C%22withCommunity%22%3Atrue%7D&features=%7B%22rweb_video_screen_enabled%22%3Afalse%2C%22profile_label_improvements_pcf_label_in_post_enabled%22%3Atrue%2C%22responsive_web_profile_redirect_enabled%22%3Afalse%2C%22rweb_tipjar_consumption_enabled%22%3Afalse%2C%22verified_phone_label_enabled%22%3Afalse%2C%22creator_subscriptions_tweet_preview_api_enabled%22%3Atrue%2C%22responsive_web_graphql_timeline_navigation_enabled%22%3Atrue%2C%22responsive_web_graphql_skip_user_profile_image_extensions_enabled%22%3Afalse%2C%22premium_content_api_read_enabled%22%3Afalse%2C%22communities_web_enable_tweet_community_results_fetch%22%3Atrue%2C%22c9s_tweet_anatomy_moderator_badge_enabled%22%3Atrue%2C%22responsive_web_grok_analyze_button_fetch_trends_enabled%22%3Afalse%2C%22responsive_web_grok_analyze_post_followups_enabled%22%3Atrue%2C%22responsive_web_jetfuel_frame%22%3Atrue%2C%22responsive_web_grok_share_attachment_enabled%22%3Atrue%2C%22responsive_web_grok_annotations_enabled%22%3Atrue%2C%22articles_preview_enabled%22%3Atrue%2C%22responsive_web_edit_tweet_api_enabled%22%3Atrue%2C%22graphql_is_translatable_rweb_tweet_is_translatable_enabled%22%3Atrue%2C%22view_counts_everywhere_api_enabled%22%3Atrue%2C%22longform_notetweets_consumption_enabled%22%3Atrue%2C%22responsive_web_twitter_article_tweet_consumption_enabled%22%3Atrue%2C%22tweet_awards_web_tipping_enabled%22%3Afalse%2C%22content_disclosure_indicator_enabled%22%3Atrue%2C%22content_disclosure_ai_generated_indicator_enabled%22%3Atrue%2C%22responsive_web_grok_show_grok_translated_post%22%3Afalse%2C%22responsive_web_grok_analysis_button_from_backend%22%3Atrue%2C%22post_ctas_fetch_enabled%22%3Atrue%2C%22freedom_of_speech_not_reach_fetch_enabled%22%3Atrue%2C%22standardized_nudges_misinfo%22%3Atrue%2C%22tweet_with_visibility_results_prefer_gql_limited_actions_policy_enabled%22%3Atrue%2C%22longform_notetweets_rich_text_read_enabled%22%3Atrue%2C%22longform_notetweets_inline_media_enabled%22%3Afalse%2C%22responsive_web_grok_image_annotation_enabled%22%3Atrue%2C%22responsive_web_grok_imagine_annotation_enabled%22%3Atrue%2C%22responsive_web_grok_community_note_auto_translation_is_enabled%22%3Afalse%2C%22responsive_web_enhance_cards_enabled%22%3Afalse%7D:0
[  821211ms] o: ApiError: https://x.com/i/api/graphql/PFIxTk8owMoZgiMccP0r4g/getAltTextPromptPreference HTTP-401 codes:[32]
    at u (https://abs.twimg.com/responsive-web/client-web/main.64b6b5da.js:1:247342)
    at https://abs.twimg.com/responsive-web/client-web/main.64b6b5da.js:1:248290
    at https://abs.twimg.com/responsive-web/client-web/main.64b6b5da.js:1:248300
[  821211ms] [ERROR] Failed to load resource: the server responded with a status of 401 () @ https://x.com/i/api/graphql/Sujwk2Vj-pg3T8DvLKgWdw/SidebarUserRecommendations?variables=%7B%22profileUserId%22%3A%222035749516587290624%22%7D&features=%7B%22profile_label_improvements_pcf_label_in_post_enabled%22%3Atrue%2C%22responsive_web_profile_redirect_enabled%22%3Afalse%2C%22rweb_tipjar_consumption_enabled%22%3Afalse%2C%22verified_phone_label_enabled%22%3Afalse%2C%22responsive_web_graphql_skip_user_profile_image_extensions_enabled%22%3Afalse%2C%22responsive_web_graphql_timeline_navigation_enabled%22%3Atrue%7D:0
[  821212ms] [ERROR] Failed to load resource: the server responded with a status of 401 () @ https://x.com/i/api/graphql/pb8he8eISwQOfD8f06WFCQ/ExploreSidebar?variables=%7B%7D&features=%7B%22rweb_video_screen_enabled%22%3Afalse%2C%22profile_label_improvements_pcf_label_in_post_enabled%22%3Atrue%2C%22responsive_web_profile_redirect_enabled%22%3Afalse%2C%22rweb_tipjar_consumption_enabled%22%3Afalse%2C%22verified_phone_label_enabled%22%3Afalse%2C%22creator_subscriptions_tweet_preview_api_enabled%22%3Atrue%2C%22responsive_web_graphql_timeline_navigation_enabled%22%3Atrue%2C%22responsive_web_graphql_skip_user_profile_image_extensions_enabled%22%3Afalse%2C%22premium_content_api_read_enabled%22%3Afalse%2C%22communities_web_enable_tweet_community_results_fetch%22%3Atrue%2C%22c9s_tweet_anatomy_moderator_badge_enabled%22%3Atrue%2C%22responsive_web_grok_analyze_button_fetch_trends_enabled%22%3Afalse%2C%22responsive_web_grok_analyze_post_followups_enabled%22%3Atrue%2C%22responsive_web_jetfuel_frame%22%3Atrue%2C%22responsive_web_grok_share_attachment_enabled%22%3Atrue%2C%22responsive_web_grok_annotations_enabled%22%3Atrue%2C%22articles_preview_enabled%22%3Atrue%2C%22responsive_web_edit_tweet_api_enabled%22%3Atrue%2C%22graphql_is_translatable_rweb_tweet_is_translatable_enabled%22%3Atrue%2C%22view_counts_everywhere_api_enabled%22%3Atrue%2C%22longform_notetweets_consumption_enabled%22%3Atrue%2C%22responsive_web_twitter_article_tweet_consumption_enabled%22%3Atrue%2C%22tweet_awards_web_tipping_enabled%22%3Afalse%2C%22content_disclosure_indicator_enabled%22%3Atrue%2C%22content_disclosure_ai_generated_indicator_enabled%22%3Atrue%2C%22responsive_web_grok_show_grok_translated_post%22%3Afalse%2C%22responsive_web_grok_analysis_button_from_backend%22%3Atrue%2C%22post_ctas_fetch_enabled%22%3Atrue%2C%22freedom_of_speech_not_reach_fetch_enabled%22%3Atrue%2C%22standardized_nudges_misinfo%22%3Atrue%2C%22tweet_with_visibility_results_prefer_gql_limited_actions_policy_enabled%22%3Atrue%2C%22longform_notetweets_rich_text_read_enabled%22%3Atrue%2C%22longform_notetweets_inline_media_enabled%22%3Afalse%2C%22responsive_web_grok_image_annotation_enabled%22%3Atrue%2C%22responsive_web_grok_imagine_annotation_enabled%22%3Atrue%2C%22responsive_web_grok_community_note_auto_translation_is_enabled%22%3Afalse%2C%22responsive_web_enhance_cards_enabled%22%3Afalse%7D:0
[  821215ms] [ERROR] Failed to load resource: the server responded with a status of 401 () @ https://api.x.com/live_pipeline/events?topic=%2Flive_content%2F2035749516587290624:0
[  821218ms] [ERROR] Failed to load resource: the server responded with a status of 401 () @ https://x.com/i/api/graphql/U3t27PzyhYJkkyOOddrTEg/PinnedTimelines?variables=%7B%7D&features=%7B%22profile_label_improvements_pcf_label_in_post_enabled%22%3Atrue%2C%22responsive_web_profile_redirect_enabled%22%3Afalse%2C%22rweb_tipjar_consumption_enabled%22%3Afalse%2C%22verified_phone_label_enabled%22%3Afalse%2C%22responsive_web_graphql_skip_user_profile_image_extensions_enabled%22%3Afalse%2C%22responsive_web_graphql_timeline_navigation_enabled%22%3Atrue%7D:0
[  821229ms] o: ApiError: https://x.com/i/api/graphql/U3t27PzyhYJkkyOOddrTEg/PinnedTimelines HTTP-401 codes:[32]
    at u (https://abs.twimg.com/responsive-web/client-web/main.64b6b5da.js:1:247342)
    at https://abs.twimg.com/responsive-web/client-web/main.64b6b5da.js:1:248290
    at https://abs.twimg.com/responsive-web/client-web/main.64b6b5da.js:1:248300
[  821676ms] [ERROR] Failed to load resource: the server responded with a status of 401 () @ https://x.com/i/api/graphql/L8Lb9oomccM012S7fQ-QKA/HomeTimeline?variables=%7B%22count%22%3A20%2C%22includePromotedContent%22%3Atrue%2C%22requestContext%22%3A%22launch%22%2C%22withCommunity%22%3Atrue%7D&features=%7B%22rweb_video_screen_enabled%22%3Afalse%2C%22profile_label_improvements_pcf_label_in_post_enabled%22%3Atrue%2C%22responsive_web_profile_redirect_enabled%22%3Afalse%2C%22rweb_tipjar_consumption_enabled%22%3Afalse%2C%22verified_phone_label_enabled%22%3Afalse%2C%22creator_subscriptions_tweet_preview_api_enabled%22%3Atrue%2C%22responsive_web_graphql_timeline_navigation_enabled%22%3Atrue%2C%22responsive_web_graphql_skip_user_profile_image_extensions_enabled%22%3Afalse%2C%22premium_content_api_read_enabled%22%3Afalse%2C%22communities_web_enable_tweet_community_results_fetch%22%3Atrue%2C%22c9s_tweet_anatomy_moderator_badge_enabled%22%3Atrue%2C%22responsive_web_grok_analyze_button_fetch_trends_enabled%22%3Afalse%2C%22responsive_web_grok_analyze_post_followups_enabled%22%3Atrue%2C%22responsive_web_jetfuel_frame%22%3Atrue%2C%22responsive_web_grok_share_attachment_enabled%22%3Atrue%2C%22responsive_web_grok_annotations_enabled%22%3Atrue%2C%22articles_preview_enabled%22%3Atrue%2C%22responsive_web_edit_tweet_api_enabled%22%3Atrue%2C%22graphql_is_translatable_rweb_tweet_is_translatable_enabled%22%3Atrue%2C%22view_counts_everywhere_api_enabled%22%3Atrue%2C%22longform_notetweets_consumption_enabled%22%3Atrue%2C%22responsive_web_twitter_article_tweet_consumption_enabled%22%3Atrue%2C%22tweet_awards_web_tipping_enabled%22%3Afalse%2C%22content_disclosure_indicator_enabled%22%3Atrue%2C%22content_disclosure_ai_generated_indicator_enabled%22%3Atrue%2C%22responsive_web_grok_show_grok_translated_post%22%3Afalse%2C%22responsive_web_grok_analysis_button_from_backend%22%3Atrue%2C%22post_ctas_fetch_enabled%22%3Atrue%2C%22freedom_of_speech_not_reach_fetch_enabled%22%3Atrue%2C%22standardized_nudges_misinfo%22%3Atrue%2C%22tweet_with_visibility_results_prefer_gql_limited_actions_policy_enabled%22%3Atrue%2C%22longform_notetweets_rich_text_read_enabled%22%3Atrue%2C%22longform_notetweets_inline_media_enabled%22%3Afalse%2C%22responsive_web_grok_image_annotation_enabled%22%3Atrue%2C%22responsive_web_grok_imagine_annotation_enabled%22%3Atrue%2C%22responsive_web_grok_community_note_auto_translation_is_enabled%22%3Afalse%2C%22responsive_web_enhance_cards_enabled%22%3Afalse%7D:0
[  824086ms] [ERROR] Failed to load resource: the server responded with a status of 401 () @ https://x.com/i/api/graphql/L8Lb9oomccM012S7fQ-QKA/HomeTimeline?variables=%7B%22count%22%3A20%2C%22includePromotedContent%22%3Atrue%2C%22requestContext%22%3A%22launch%22%2C%22withCommunity%22%3Atrue%7D&features=%7B%22rweb_video_screen_enabled%22%3Afalse%2C%22profile_label_improvements_pcf_label_in_post_enabled%22%3Atrue%2C%22responsive_web_profile_redirect_enabled%22%3Afalse%2C%22rweb_tipjar_consumption_enabled%22%3Afalse%2C%22verified_phone_label_enabled%22%3Afalse%2C%22creator_subscriptions_tweet_preview_api_enabled%22%3Atrue%2C%22responsive_web_graphql_timeline_navigation_enabled%22%3Atrue%2C%22responsive_web_graphql_skip_user_profile_image_extensions_enabled%22%3Afalse%2C%22premium_content_api_read_enabled%22%3Afalse%2C%22communities_web_enable_tweet_community_results_fetch%22%3Atrue%2C%22c9s_tweet_anatomy_moderator_badge_enabled%22%3Atrue%2C%22responsive_web_grok_analyze_button_fetch_trends_enabled%22%3Afalse%2C%22responsive_web_grok_analyze_post_followups_enabled%22%3Atrue%2C%22responsive_web_jetfuel_frame%22%3Atrue%2C%22responsive_web_grok_share_attachment_enabled%22%3Atrue%2C%22responsive_web_grok_annotations_enabled%22%3Atrue%2C%22articles_preview_enabled%22%3Atrue%2C%22responsive_web_edit_tweet_api_enabled%22%3Atrue%2C%22graphql_is_translatable_rweb_tweet_is_translatable_enabled%22%3Atrue%2C%22view_counts_everywhere_api_enabled%22%3Atrue%2C%22longform_notetweets_consumption_enabled%22%3Atrue%2C%22responsive_web_twitter_article_tweet_consumption_enabled%22%3Atrue%2C%22tweet_awards_web_tipping_enabled%22%3Afalse%2C%22content_disclosure_indicator_enabled%22%3Atrue%2C%22content_disclosure_ai_generated_indicator_enabled%22%3Atrue%2C%22responsive_web_grok_show_grok_translated_post%22%3Afalse%2C%22responsive_web_grok_analysis_button_from_backend%22%3Atrue%2C%22post_ctas_fetch_enabled%22%3Atrue%2C%22freedom_of_speech_not_reach_fetch_enabled%22%3Atrue%2C%22standardized_nudges_misinfo%22%3Atrue%2C%22tweet_with_visibility_results_prefer_gql_limited_actions_policy_enabled%22%3Atrue%2C%22longform_notetweets_rich_text_read_enabled%22%3Atrue%2C%22longform_notetweets_inline_media_enabled%22%3Afalse%2C%22responsive_web_grok_image_annotation_enabled%22%3Atrue%2C%22responsive_web_grok_imagine_annotation_enabled%22%3Atrue%2C%22responsive_web_grok_community_note_auto_translation_is_enabled%22%3Afalse%2C%22responsive_web_enhance_cards_enabled%22%3Afalse%7D:0
[  824236ms] [ERROR] Failed to load resource: the server responded with a status of 401 () @ https://x.com/i/api/1.1/graphql/user_flow.json:0
[  827232ms] [ERROR] Failed to load resource: the server responded with a status of 401 () @ https://x.com/i/api/1.1/graphql/user_flow.json:0
